# JRE version: OpenJDK Runtime Environment Microsoft-40648 (11.0.16.1+1) (build 11.0.16.1+1-LTS)
# Java VM: OpenJDK 64-Bit Server VM Microsoft-40648 (11.0.16.1+1-LTS, mixed mode, tiered, compressed oops, g1 gc, windows-amd64)
Heap:
 garbage-first heap   total 262144K, used 46548K [0x00000000e0000000, 0x0000000100000000)
  region size 1024K, 33 young (33792K), 5 survivors (5120K)
 Metaspace       used 27713K, capacity 28434K, committed 28720K, reserved 280576K
  class space    used 3627K, capacity 3882K, committed 3968K, reserved 253952K
GC Heap History (16 events):
Event: 1.217 GC heap before
{Heap before GC invocations=0 (full 0):
 garbage-first heap   total 262144K, used 15360K [0x00000000e0000000, 0x0000000100000000)
  region size 1024K, 12 young (12288K), 0 survivors (0K)
 Metaspace       used 6685K, capacity 6817K, committed 7040K, reserved 262144K
  class space    used 564K, capacity 614K, committed 640K, reserved 253952K
}
Event: 1.244 GC heap after
{Heap after GC invocations=1 (full 0):
 garbage-first heap   total 262144K, used 2568K [0x00000000e0000000, 0x0000000100000000)
  region size 1024K, 2 young (2048K), 2 survivors (2048K)
 Metaspace       used 6685K, capacity 6817K, committed 7040K, reserved 262144K
  class space    used 564K, capacity 614K, committed 640K, reserved 253952K
}
Event: 2.087 GC heap before
{Heap before GC invocations=1 (full 0):
 garbage-first heap   total 262144K, used 15880K [0x00000000e0000000, 0x0000000100000000)
  region size 1024K, 12 young (12288K), 2 survivors (2048K)
 Metaspace       used 9292K, capacity 9469K, committed 9728K, reserved 264192K
  class space    used 903K, capacity 972K, committed 1024K, reserved 253952K
}
Event: 2.095 GC heap after
{Heap after GC invocations=2 (full 0):
 garbage-first heap   total 262144K, used 9751K [0x00000000e0000000, 0x0000000100000000)
  region size 1024K, 2 young (2048K), 2 survivors (2048K)
 Metaspace       used 9292K, capacity 9469K, committed 9728K, reserved 264192K
  class space    used 903K, capacity 972K, committed 1024K, reserved 253952K
}
Event: 2.883 GC heap before
{Heap before GC invocations=2 (full 0):
 garbage-first heap   total 262144K, used 19991K [0x00000000e0000000, 0x0000000100000000)
  region size 1024K, 12 young (12288K), 2 survivors (2048K)
 Metaspace       used 10840K, capacity 11069K, committed 11264K, reserved 264192K
  class space    used 1111K, capacity 1207K, committed 1280K, reserved 253952K
}
Event: 2.888 GC heap after
{Heap after GC invocations=3 (full 0):
 garbage-first heap   total 262144K, used 10100K [0x00000000e0000000, 0x0000000100000000)
  region size 1024K, 1 young (1024K), 1 survivors (1024K)
 Metaspace       used 10840K, capacity 11069K, committed 11264K, reserved 264192K
  class space    used 1111K, capacity 1207K, committed 1280K, reserved 253952K
}
Event: 3.286 GC heap before
{Heap before GC invocations=3 (full 0):
 garbage-first heap   total 262144K, used 25460K [0x00000000e0000000, 0x0000000100000000)
  region size 1024K, 17 young (17408K), 1 survivors (1024K)
 Metaspace       used 10929K, capacity 11133K, committed 11264K, reserved 264192K
  class space    used 1113K, capacity 1207K, committed 1280K, reserved 253952K
}
Event: 3.288 GC heap after
{Heap after GC invocations=4 (full 0):
 garbage-first heap   total 262144K, used 10402K [0x00000000e0000000, 0x0000000100000000)
  region size 1024K, 1 young (1024K), 1 survivors (1024K)
 Metaspace       used 10929K, capacity 11133K, committed 11264K, reserved 264192K
  class space    used 1113K, capacity 1207K, committed 1280K, reserved 253952K
}
Event: 4.279 GC heap before
{Heap before GC invocations=4 (full 0):
 garbage-first heap   total 262144K, used 32930K [0x00000000e0000000, 0x0000000100000000)
  region size 1024K, 23 young (23552K), 1 survivors (1024K)
 Metaspace       used 11401K, capacity 11637K, committed 11904K, reserved 266240K
  class space    used 1214K, capacity 1311K, committed 1408K, reserved 253952K
}
Event: 4.286 GC heap after
{Heap after GC invocations=5 (full 0):
 garbage-first heap   total 262144K, used 14635K [0x00000000e0000000, 0x0000000100000000)
  region size 1024K, 3 young (3072K), 3 survivors (3072K)
 Metaspace       used 11401K, capacity 11637K, committed 11904K, reserved 266240K
  class space    used 1214K, capacity 1311K, committed 1408K, reserved 253952K
}
Event: 6.265 GC heap before
{Heap before GC invocations=5 (full 0):
 garbage-first heap   total 262144K, used 43307K [0x00000000e0000000, 0x0000000100000000)
  region size 1024K, 31 young (31744K), 3 survivors (3072K)
 Metaspace       used 18304K, capacity 18692K, committed 18944K, reserved 272384K
  class space    used 2150K, capacity 2282K, committed 2304K, reserved 253952K
}
Event: 6.276 GC heap after
{Heap after GC invocations=6 (full 0):
 garbage-first heap   total 262144K, used 16855K [0x00000000e0000000, 0x0000000100000000)
  region size 1024K, 3 young (3072K), 3 survivors (3072K)
 Metaspace       used 18304K, capacity 18692K, committed 18944K, reserved 272384K
  class space    used 2150K, capacity 2282K, committed 2304K, reserved 253952K
}
Event: 7.009 GC heap before
{Heap before GC invocations=6 (full 0):
 garbage-first heap   total 262144K, used 39383K [0x00000000e0000000, 0x0000000100000000)
  region size 1024K, 26 young (26624K), 3 survivors (3072K)
 Metaspace       used 20842K, capacity 21248K, committed 21296K, reserved 274432K
  class space    used 2519K, capacity 2688K, committed 2688K, reserved 253952K
}
Event: 7.016 GC heap after
{Heap after GC invocations=7 (full 0):
 garbage-first heap   total 262144K, used 17610K [0x00000000e0000000, 0x0000000100000000)
  region size 1024K, 3 young (3072K), 3 survivors (3072K)
 Metaspace       used 20842K, capacity 21248K, committed 21296K, reserved 274432K
  class space    used 2519K, capacity 2688K, committed 2688K, reserved 253952K
}
Event: 8.149 GC heap before
{Heap before GC invocations=8 (full 0):
 garbage-first heap   total 262144K, used 57546K [0x00000000e0000000, 0x0000000100000000)
  region size 1024K, 43 young (44032K), 3 survivors (3072K)
 Metaspace       used 24928K, capacity 25480K, committed 25648K, reserved 276480K
  class space    used 3185K, capacity 3381K, committed 3456K, reserved 253952K
}
Event: 8.160 GC heap after
{Heap after GC invocations=9 (full 0):
 garbage-first heap   total 262144K, used 18900K [0x00000000e0000000, 0x0000000100000000)
  region size 1024K, 5 young (5120K), 5 survivors (5120K)
 Metaspace       used 24928K, capacity 25480K, committed 25648K, reserved 276480K
  class space    used 3185K, capacity 3381K, committed 3456K, reserved 253952K
}

